<?xml version="1.0" encoding="UTF-8"?>
<!-- Generated by org.testng.reporters.JUnitReportReporter -->
<testsuite hostname="LAPTOP-276SKN0I" failures="0" tests="4" name="api.test.UserTests" time="12.266" errors="0" timestamp="2025-06-22T11:04:46 IST" skipped="0">
  <testcase classname="api.test.UserTests" name="testPostUser" time="5.632"/>
  <testcase classname="api.test.UserTests" name="testGetUserByName" time="1.697"/>
  <testcase classname="api.test.UserTests" name="testUpdateByName" time="3.495"/>
  <testcase classname="api.test.UserTests" name="testDeleteUserByName" time="1.442"/>
</testsuite> <!-- api.test.UserTests -->
