<?xml version="1.0" encoding="UTF-8"?>
<!-- Generated by org.testng.reporters.JUnitReportReporter -->
<testsuite hostname="LAPTOP-276SKN0I" failures="0" tests="8" name="api.test.DDtest" time="16.529" errors="0" timestamp="2025-06-20T22:17:31 IST" skipped="0">
  <testcase classname="api.test.DDtest" name="testPostuser" time="1.601"/>
  <testcase classname="api.test.DDtest" name="testPostuser" time="1.649"/>
  <testcase classname="api.test.DDtest" name="testPostuser" time="5.271"/>
  <testcase classname="api.test.DDtest" name="testPostuser" time="1.642"/>
  <testcase classname="api.test.DDtest" name="testDeleteUserByName" time="1.596"/>
  <testcase classname="api.test.DDtest" name="testDeleteUserByName" time="1.544"/>
  <testcase classname="api.test.DDtest" name="testDeleteUserByName" time="1.597"/>
  <testcase classname="api.test.DDtest" name="testDeleteUserByName" time="1.629"/>
</testsuite> <!-- api.test.DDtest -->
